<?xml version="1.0" encoding="UTF-8"?>
<!-- Generated by org.testng.reporters.JUnitReportReporter -->
<testsuite skipped="0" hostname="DESKTOP-RKQETD7" name="TestCases.TestingNinjaTestCase" tests="1" failures="0" timestamp="02 Aug 2020 22:10:31 GMT" time="72.347" errors="0">
  <testcase name="TestingNinjaTest1" time="72.347" classname="TestCases.TestingNinjaTestCase"/>
</testsuite> <!-- TestCases.TestingNinjaTestCase -->
