<?xml version="1.0" encoding="UTF-8"?>
<!-- Generated by org.testng.reporters.JUnitReportReporter -->
<testsuite skipped="0" hostname="DESKTOP-RKQETD7" name="TestCases.TestingNinjaTestCase" tests="2" failures="0" timestamp="03 Aug 2020 14:47:14 GMT" time="190.845" errors="0">
  <testcase name="TestingNinja_Product_guest_book_DropDownValidation_Canada_Test2" time="95.673" classname="TestCases.TestingNinjaTestCase"/>
  <testcase name="TestingNinja_Product_guest_book_Test1" time="95.172" classname="TestCases.TestingNinjaTestCase"/>
</testsuite> <!-- TestCases.TestingNinjaTestCase -->
