<?xml version="1.0" encoding="UTF-8"?>
<!-- Generated by org.testng.reporters.JUnitReportReporter -->
<testsuite hostname="DESKTOP-8AND331" failures="0" tests="2" name="TestCases.SeleniumByTestNG" time="49.087" errors="0" timestamp="2020-07-26T13:23:46 EDT" skipped="0">
  <testcase classname="TestCases.SeleniumByTestNG" name="TestCases1" time="23.399"/>
  <testcase classname="TestCases.SeleniumByTestNG" name="TestCases1" time="25.688"/>
</testsuite> <!-- TestCases.SeleniumByTestNG -->
