<?xml version="1.0" encoding="UTF-8"?>
<!-- Generated by org.testng.reporters.JUnitReportReporter -->
<testsuite skipped="0" hostname="DESKTOP-RKQETD7" name="TestCases.HeroTest" tests="1" failures="0" timestamp="29 Jul 2020 19:10:20 GMT" time="6.541" errors="0">
  <testcase name="TestCases2" time="6.541" classname="TestCases.HeroTest"/>
</testsuite> <!-- TestCases.HeroTest -->
