<?xml version="1.0" encoding="UTF-8"?>
<!-- Generated by org.testng.reporters.JUnitReportReporter -->
<testsuite skipped="0" hostname="DESKTOP-RKQETD7" name="TestCases.TestingNinjaTestCase" tests="1" failures="0" timestamp="02 Aug 2020 16:40:08 GMT" time="10.121" errors="0">
  <testcase name="TestingNinjaTest1" time="10.121" classname="TestCases.TestingNinjaTestCase"/>
</testsuite> <!-- TestCases.TestingNinjaTestCase -->
