<?xml version="1.0" encoding="UTF-8"?>
<!-- Generated by org.testng.reporters.JUnitReportReporter -->
<testsuite skipped="0" hostname="DESKTOP-RKQETD7" name="TestCases.HeroTest" tests="1" failures="0" timestamp="27 Jul 2020 17:33:44 GMT" time="9.784" errors="0">
  <testcase name="TestCases2" time="9.784" classname="TestCases.HeroTest"/>
</testsuite> <!-- TestCases.HeroTest -->
