<?xml version="1.0" encoding="UTF-8"?>
<!-- Generated by org.testng.reporters.JUnitReportReporter -->
<testsuite skipped="0" hostname="DESKTOP-RKQETD7" name="TestCases.FacebookPageTest" tests="1" failures="0" timestamp="02 Aug 2020 13:25:55 GMT" time="2.570" errors="0">
  <testcase name="TestCases3" time="2.570" classname="TestCases.FacebookPageTest"/>
</testsuite> <!-- TestCases.FacebookPageTest -->
