<?xml version="1.0" encoding="UTF-8"?>
<!-- Generated by org.testng.reporters.JUnitReportReporter -->
<testsuite skipped="0" hostname="DESKTOP-RKQETD7" name="TestCases.TestingNinjaTestCase" tests="1" failures="0" timestamp="03 Aug 2020 09:19:43 GMT" time="119.187" errors="0">
  <testcase name="TestingNinja_Product_guest_book_Test1" time="119.187" classname="TestCases.TestingNinjaTestCase"/>
</testsuite> <!-- TestCases.TestingNinjaTestCase -->
